<?xml version="1.0" encoding="UTF-8"?>
<!-- Generated by org.testng.reporters.JUnitXMLReporter -->
<testsuite hostname="LNGSHAL-025" name="Login test" tests="7" failures="0" timestamp="15 Dec 2015 08:58:27 GMT" time="215.865" errors="0">
  <testcase name="login" time="24.837" classname="com.appium.Android_testcase.LoginTest"/>
  <testcase name="login" time="21.246" classname="com.appium.Android_testcase.LoginTest"/>
  <testcase name="login" time="22.92" classname="com.appium.Android_testcase.LoginTest"/>
  <testcase name="login" time="26.347" classname="com.appium.Android_testcase.LoginTest"/>
  <testcase name="login" time="25.583" classname="com.appium.Android_testcase.LoginTest"/>
  <testcase name="login" time="23.653" classname="com.appium.Android_testcase.LoginTest"/>
  <testcase name="login" time="21.945" classname="com.appium.Android_testcase.LoginTest"/>
</testsuite> <!-- Login test -->
