<?xml version="1.0" encoding="UTF-8"?>
<!-- Generated by org.testng.reporters.JUnitXMLReporter -->
<testsuite hostname="LNGSHAL-025" name="ResentHistory test" tests="2" failures="0" timestamp="13 Jan 2016 05:48:13 GMT" time="251.468" errors="0">
  <testcase name="recentHistory" time="56.58" classname="com.appium.Android_testcase.RecentHistoryTest"/>
  <testcase name="maxHistoryNO" time="171.09" classname="com.appium.Android_testcase.RecentHistoryTest"/>
</testsuite> <!-- ResentHistory test -->
