<?xml version="1.0" encoding="UTF-8"?>
<!-- Generated by org.testng.reporters.JUnitXMLReporter -->
<testsuite hostname="LNGSHAL-025" name="Logout test" tests="1" failures="1" timestamp="9 Mar 2016 03:15:22 GMT" time="73.53" errors="0">
  <testcase name="logout" time="3.545" classname="com.appium.Android_testcase.LogoutTest">
    <failure type="java.lang.AssertionError" message="null">
      <![CDATA[java.lang.AssertionError: null
	at com.appium.driver.ElementUtils.click(ElementUtils.java:43)
	at com.appium.Android_page.LogoutPage.logoutTestAndroid(LogoutPage.java:27)
	at com.appium.Android_testcase.LogoutTest.logout(LogoutTest.java:25)
... Removed 26 stack frames]]>
    </failure>
  </testcase> <!-- logout -->
</testsuite> <!-- Logout test -->
