<?xml version="1.0" encoding="UTF-8"?>
<!-- Generated by org.testng.reporters.JUnitXMLReporter -->
<testsuite hostname="LNGSHAL-025" name="Annotations test" tests="3" failures="0" timestamp="23 Feb 2016 03:54:37 GMT" time="38.204" errors="0">
  <testcase name="addAnnotations" time="0.004" classname="com.appium.Android_testcase.AnnotationsTest"/>
  <testcase name="editAnnotations" time="0.0" classname="com.appium.Android_testcase.AnnotationsTest"/>
  <testcase name="filterAnnotaions" time="17.744" classname="com.appium.Android_testcase.AnnotationsTest"/>
</testsuite> <!-- Annotations test -->
