<?xml version="1.0" encoding="UTF-8" ?>
<testsuite failures="1" time="1.174" errors="0" skipped="8" tests="9" name="TestSuite">
  <properties>
[...]
</properties>
  <testcase time="0.003" classname="com.appium.Android_testcase.Demo" name="login">
    <failure type="java.lang.NullPointerException">java.lang.NullPointerException
	at com.appium.driver.ElementUtils.isExistElement(ElementUtils.java:113)
	at com.appium.Android_page.LoginPage.skipTour(LoginPage.java:76)
	at com.appium.Android_testcase.Demo.login(Demo.java:56)
</failure>
    <system-out>[2016-06-21 13:37:35]java.io.IOException: Cannot run program &quot;/Users/qa/android-sdks/platform-tools/adb&quot;: error=2, No such file or directory
[2016-06-21 13:37:35]java.lang.NullPointerException
[2016-06-21 13:37:35]=========================Login=============================
</system-out>
  </testcase>
  <testcase time="0.009" classname="com.appium.Android_testcase.Demo" name="download">
    <skipped/>
  </testcase>
  <testcase time="0.01" classname="com.appium.Android_testcase.Demo" name="contact">
    <skipped/>
  </testcase>
  <testcase time="0.01" classname="com.appium.Android_testcase.Demo" name="filterPublication">
    <skipped/>
  </testcase>
  <testcase time="0.011" classname="com.appium.Android_testcase.Demo" name="index">
    <skipped/>
  </testcase>
  <testcase time="0.011" classname="com.appium.Android_testcase.Demo" name="recentHistory">
    <skipped/>
  </testcase>
  <testcase time="0.012" classname="com.appium.Android_testcase.Demo" name="TOCHide">
    <skipped/>
  </testcase>
  <testcase time="0.012" classname="com.appium.Android_testcase.Demo" name="search">
    <skipped/>
  </testcase>
  <testcase time="0.013" classname="com.appium.Android_testcase.Demo" name="logout">
    <skipped/>
  </testcase>
</testsuite>