<?xml version="1.0" encoding="UTF-8"?>
<!-- Generated by org.testng.reporters.JUnitXMLReporter -->
<testsuite hostname="LNGSHAL-025" name="Data driver test" tests="2" failures="2" timestamp="29 Jun 2015 03:44:30 GMT" time="0.353" errors="0">
  <testcase name="test" time="0.092" classname="com.appium.test.Demo">
    <failure type="java.lang.AssertionError" message="expected [false] but found [true]">
      <![CDATA[java.lang.AssertionError: expected [false] but found [true]
	at com.appium.test.Demo.test(Demo.java:25)
... Removed 29 stack frames]]>
    </failure>
  </testcase> <!-- test -->
  <testcase name="test" time="0.001" classname="com.appium.test.Demo">
    <failure type="java.lang.AssertionError" message="expected [false] but found [true]">
      <![CDATA[java.lang.AssertionError: expected [false] but found [true]
	at com.appium.test.Demo.test(Demo.java:25)
... Removed 29 stack frames]]>
    </failure>
  </testcase> <!-- test -->
</testsuite> <!-- Data driver test -->
