<?xml version="1.0" encoding="UTF-8"?>
<testsuite name="Annotations test"
           tests="3"
           failures="0"
           errors="0"
           skipped="0"
           time="17.748">
  <properties />
  
  
            <testcase name="filterAnnotaions" time="17.744" classname="com.appium.Android_testcase.AnnotationsTest" />
                <testcase name="editAnnotations" time="0.000" classname="com.appium.Android_testcase.AnnotationsTest" />
                <testcase name="addAnnotations" time="0.004" classname="com.appium.Android_testcase.AnnotationsTest" />
      
</testsuite>
