<?xml version="1.0" encoding="UTF-8"?>
<testsuite name="All test"
           tests="9"
           failures="1"
           errors="0"
           skipped="8"
           time="0.002">
  <properties />
            <testcase name="login" time="0.002" classname="com.appium.Android_testcase.Demo">
                <failure type="java.lang.NullPointerException"
                  message="(null)"
              >
<![CDATA[java.lang.NullPointerException
  com.appium.driver.ElementUtils.isExistElement(ElementUtils.java:113)
  com.appium.Android_page.LoginPage.skipTour(LoginPage.java:76)
  com.appium.Android_testcase.Demo.login(Demo.java:56)
  sun.reflect.NativeMethodAccessorImpl.invoke0(Native Method)
  sun.reflect.NativeMethodAccessorImpl.invoke(NativeMethodAccessorImpl.java:57)
  sun.reflect.DelegatingMethodAccessorImpl.invoke(DelegatingMethodAccessorImpl.java:43)
  java.lang.reflect.Method.invoke(Method.java:606)
  org.testng.internal.MethodInvocationHelper.invokeMethod(MethodInvocationHelper.java:86)
  org.testng.internal.Invoker.invokeMethod(Invoker.java:643)
  org.testng.internal.Invoker.invokeTestMethod(Invoker.java:820)
  org.testng.internal.Invoker.invokeTestMethods(Invoker.java:1128)
  org.testng.internal.TestMethodWorker.invokeTestMethods(TestMethodWorker.java:129)
  org.testng.internal.TestMethodWorker.run(TestMethodWorker.java:112)
  org.testng.TestRunner.privateRun(TestRunner.java:782)
  org.testng.TestRunner.run(TestRunner.java:632)
  org.testng.SuiteRunner.runTest(SuiteRunner.java:366)
  org.testng.SuiteRunner.runSequentially(SuiteRunner.java:361)
  org.testng.SuiteRunner.privateRun(SuiteRunner.java:319)
  org.testng.SuiteRunner.run(SuiteRunner.java:268)
  org.testng.SuiteRunnerWorker.runSuite(SuiteRunnerWorker.java:52)
  org.testng.SuiteRunnerWorker.run(SuiteRunnerWorker.java:86)
  org.testng.TestNG.runSuitesSequentially(TestNG.java:1244)
  org.testng.TestNG.runSuitesLocally(TestNG.java:1169)
  org.testng.TestNG.run(TestNG.java:1064)
  org.apache.maven.surefire.testng.TestNGExecutor.run(TestNGExecutor.java:73)
  org.apache.maven.surefire.testng.TestNGXmlTestSuite.execute(TestNGXmlTestSuite.java:94)
  org.apache.maven.surefire.Surefire.run(Surefire.java:169)
  sun.reflect.NativeMethodAccessorImpl.invoke0(Native Method)
  sun.reflect.NativeMethodAccessorImpl.invoke(NativeMethodAccessorImpl.java:57)
  sun.reflect.DelegatingMethodAccessorImpl.invoke(DelegatingMethodAccessorImpl.java:43)
  java.lang.reflect.Method.invoke(Method.java:606)
  org.apache.maven.surefire.booter.SurefireBooter.runSuitesInProcess(SurefireBooter.java:350)
  org.apache.maven.surefire.booter.SurefireBooter.main(SurefireBooter.java:1021)
]]>
      </failure>

          </testcase>
  
            <testcase name="contact" time="0.0" classname="com.appium.Android_testcase.Demo">
          <skipped />
    </testcase>
            <testcase name="TOCHide" time="0.0" classname="com.appium.Android_testcase.Demo">
          <skipped />
    </testcase>
            <testcase name="logout" time="0.0" classname="com.appium.Android_testcase.Demo">
          <skipped />
    </testcase>
            <testcase name="download" time="0.0" classname="com.appium.Android_testcase.Demo">
          <skipped />
    </testcase>
            <testcase name="filterPublication" time="0.0" classname="com.appium.Android_testcase.Demo">
          <skipped />
    </testcase>
            <testcase name="recentHistory" time="0.0" classname="com.appium.Android_testcase.Demo">
          <skipped />
    </testcase>
            <testcase name="index" time="0.0" classname="com.appium.Android_testcase.Demo">
          <skipped />
    </testcase>
            <testcase name="search" time="0.0" classname="com.appium.Android_testcase.Demo">
          <skipped />
    </testcase>
  
  
</testsuite>
