<?xml version="1.0" encoding="UTF-8"?>
<!-- Generated by org.testng.reporters.JUnitXMLReporter -->
<testsuite hostname="LexisNexis-MacBook-Pro.local" name="All test" tests="9" failures="1" timestamp="22 Jun 2016 08:05:33 GMT" time="63.398" errors="0">
  <testcase name="login" time="0.012" classname="com.appium.Android_testcase.Demo">
    <failure type="java.lang.NullPointerException">
      <![CDATA[java.lang.NullPointerException
	at com.appium.driver.ElementUtils.isExistElement(ElementUtils.java:113)
	at com.appium.Android_page.LoginPage.skipTour(LoginPage.java:76)
	at com.appium.Android_testcase.Demo.login(Demo.java:56)
... Removed 24 stack frames]]>
    </failure>
  </testcase> <!-- login -->
  <testcase name="download" time="0.0" classname="com.appium.Android_testcase.Demo">
    <skipped/>
  </testcase> <!-- download -->
  <testcase name="contact" time="0.0" classname="com.appium.Android_testcase.Demo">
    <skipped/>
  </testcase> <!-- contact -->
  <testcase name="filterPublication" time="0.0" classname="com.appium.Android_testcase.Demo">
    <skipped/>
  </testcase> <!-- filterPublication -->
  <testcase name="index" time="0.001" classname="com.appium.Android_testcase.Demo">
    <skipped/>
  </testcase> <!-- index -->
  <testcase name="recentHistory" time="0.0" classname="com.appium.Android_testcase.Demo">
    <skipped/>
  </testcase> <!-- recentHistory -->
  <testcase name="TOCHide" time="0.0" classname="com.appium.Android_testcase.Demo">
    <skipped/>
  </testcase> <!-- TOCHide -->
  <testcase name="search" time="0.0" classname="com.appium.Android_testcase.Demo">
    <skipped/>
  </testcase> <!-- search -->
  <testcase name="logout" time="0.0" classname="com.appium.Android_testcase.Demo">
    <skipped/>
  </testcase> <!-- logout -->
</testsuite> <!-- All test -->
